(base) chvostom@tomas-pc:~$ telnet 147.32.233.18 8888
Trying 147.32.233.18...
Connected to 147.32.233.18.
Escape character is '^]'.

GET /NI-AM1-ApplicationProtocols/httpTelnet1 HTTP/1.1
HOST: fit.cvut.cz
User-Agent: fit-telnet
Accept: text/html
Accept-Charset: UTF-8
Accept-Language: en-US

HTTP/1.1 200 OK
Server: Apache-Coyote/1.1
Content-Type: text/html;charset=UTF-8
Content-Length: 3
Date: Tue, 22 Sep 2020 16:26:32 GMT

OK

POST /NI-AM1-ApplicationProtocols/httpTelnet2 HTTP/1.1
HOST: fit.cvut.cz
Referer: mi-mdw
Content-type: application/x-www-form-urlencoded
Content-Length: 8

data=fit
HTTP/1.1 200 OK
Server: Apache-Coyote/1.1
Content-Type: text/html;charset=UTF-8
Content-Length: 3
Date: Tue, 22 Sep 2020 16:26:41 GMT

OK

^\Connection closed by foreign host.

